0 info it worked if it ends with ok
1 verbose cli [ '/usr/local/bin/node', '/usr/local/bin/npm', 'publish' ]
2 info using npm@3.10.10
3 info using node@v6.10.2
4 verbose publish [ '.' ]
5 silly cache add args [ '.', null ]
6 verbose cache add spec .
7 silly cache add parsed spec Result {
7 silly cache add   raw: '.',
7 silly cache add   scope: null,
7 silly cache add   escapedName: null,
7 silly cache add   name: null,
7 silly cache add   rawSpec: '.',
7 silly cache add   spec: '/Users/rusinozemtsev/work/tools/meteor-sfc',
7 silly cache add   type: 'directory' }
8 verbose addLocalDirectory /Users/rusinozemtsev/.npm/meteor-sfc/1.0.1/package.tgz not in flight; packing
9 verbose correctMkdir /Users/rusinozemtsev/.npm correctMkdir not in flight; initializing
10 info lifecycle meteor-sfc@1.0.1~prepublish: meteor-sfc@1.0.1
11 silly lifecycle meteor-sfc@1.0.1~prepublish: no script for prepublish, continuing
12 verbose tar pack [ '/Users/rusinozemtsev/.npm/meteor-sfc/1.0.1/package.tgz',
12 verbose tar pack   '/Users/rusinozemtsev/work/tools/meteor-sfc' ]
13 verbose tarball /Users/rusinozemtsev/.npm/meteor-sfc/1.0.1/package.tgz
14 verbose folder /Users/rusinozemtsev/work/tools/meteor-sfc
15 verbose addLocalTarball adding from inside cache /Users/rusinozemtsev/.npm/meteor-sfc/1.0.1/package.tgz
16 verbose correctMkdir /Users/rusinozemtsev/.npm correctMkdir not in flight; initializing
17 silly cache afterAdd meteor-sfc@1.0.1
18 verbose afterAdd /Users/rusinozemtsev/.npm/meteor-sfc/1.0.1/package/package.json not in flight; writing
19 verbose correctMkdir /Users/rusinozemtsev/.npm correctMkdir not in flight; initializing
20 verbose afterAdd /Users/rusinozemtsev/.npm/meteor-sfc/1.0.1/package/package.json written
21 silly publish { name: 'meteor-sfc',
21 silly publish   version: '1.0.1',
21 silly publish   description: 'Meteor Single File Components',
21 silly publish   main: 'meteor-sfc.js',
21 silly publish   scripts: { test: 'echo "Error: no test specified" && exit 1' },
21 silly publish   repository:
21 silly publish    { type: 'git',
21 silly publish      url: 'git+https://github.com/pingpong-im/meteor-sfc.git' },
21 silly publish   keywords: [ 'meteor' ],
21 silly publish   author: { name: 'Ruslan Inozemtsev' },
21 silly publish   license: 'MIT',
21 silly publish   bugs: { url: 'https://github.com/pingpong-im/meteor-sfc/issues' },
21 silly publish   homepage: 'https://github.com/pingpong-im/meteor-sfc#readme',
21 silly publish   dependencies: { filewatcher: '^3.0.1', watchr: '^3.0.1', xmldom: '^0.1.27' },
21 silly publish   readme: '# meteor-sfc\n\nasdasdsad',
21 silly publish   readmeFilename: 'README.md',
21 silly publish   gitHead: 'c5ab8b5226cc7c538537ad614d6927ea066abf47',
21 silly publish   _id: 'meteor-sfc@1.0.1',
21 silly publish   _shasum: '04d0e94fcb754a5740368a5e6b70afaf0a5891ca',
21 silly publish   _from: '.' }
22 verbose getPublishConfig undefined
23 silly mapToRegistry name meteor-sfc
24 silly mapToRegistry using default registry
25 silly mapToRegistry registry https://registry.npmjs.org/
26 silly mapToRegistry data Result {
26 silly mapToRegistry   raw: 'meteor-sfc',
26 silly mapToRegistry   scope: null,
26 silly mapToRegistry   escapedName: 'meteor-sfc',
26 silly mapToRegistry   name: 'meteor-sfc',
26 silly mapToRegistry   rawSpec: '',
26 silly mapToRegistry   spec: 'latest',
26 silly mapToRegistry   type: 'tag' }
27 silly mapToRegistry uri https://registry.npmjs.org/meteor-sfc
28 verbose publish registryBase https://registry.npmjs.org/
29 silly publish uploading /Users/rusinozemtsev/.npm/meteor-sfc/1.0.1/package.tgz
30 verbose request uri https://registry.npmjs.org/meteor-sfc
31 verbose request sending authorization for write operation
32 info attempt registry request try #1 at 9:30:27 PM
33 verbose request using bearer token for auth
34 verbose request id 569a03b1a6548742
35 http request PUT https://registry.npmjs.org/meteor-sfc
36 http 403 https://registry.npmjs.org/meteor-sfc
37 verbose headers { 'content-type': 'application/json',
37 verbose headers   'cache-control': 'max-age=300',
37 verbose headers   'content-length': '95',
37 verbose headers   'accept-ranges': 'bytes',
37 verbose headers   date: 'Thu, 25 May 2017 18:30:28 GMT',
37 verbose headers   via: '1.1 varnish',
37 verbose headers   connection: 'keep-alive',
37 verbose headers   'x-served-by': 'cache-ams4125-AMS',
37 verbose headers   'x-cache': 'MISS',
37 verbose headers   'x-cache-hits': '0',
37 verbose headers   'x-timer': 'S1495737028.880382,VS0,VE769',
37 verbose headers   vary: 'Accept-Encoding' }
38 verbose request invalidating /Users/rusinozemtsev/.npm/registry.npmjs.org/meteor-sfc on PUT
39 error publish Failed PUT 403
40 verbose stack Error: "You cannot publish over the previously published version 1.0.1." : meteor-sfc
40 verbose stack     at makeError (/usr/local/lib/node_modules/npm/node_modules/npm-registry-client/lib/request.js:302:12)
40 verbose stack     at CachingRegistryClient.<anonymous> (/usr/local/lib/node_modules/npm/node_modules/npm-registry-client/lib/request.js:290:14)
40 verbose stack     at Request._callback (/usr/local/lib/node_modules/npm/node_modules/npm-registry-client/lib/request.js:210:14)
40 verbose stack     at Request.self.callback (/usr/local/lib/node_modules/npm/node_modules/request/request.js:187:22)
40 verbose stack     at emitTwo (events.js:106:13)
40 verbose stack     at Request.emit (events.js:191:7)
40 verbose stack     at Request.<anonymous> (/usr/local/lib/node_modules/npm/node_modules/request/request.js:1048:10)
40 verbose stack     at emitOne (events.js:96:13)
40 verbose stack     at Request.emit (events.js:188:7)
40 verbose stack     at IncomingMessage.<anonymous> (/usr/local/lib/node_modules/npm/node_modules/request/request.js:969:12)
41 verbose statusCode 403
42 verbose pkgid meteor-sfc
43 verbose cwd /Users/rusinozemtsev/work/tools/meteor-sfc
44 error Darwin 16.6.0
45 error argv "/usr/local/bin/node" "/usr/local/bin/npm" "publish"
46 error node v6.10.2
47 error npm  v3.10.10
48 error code E403
49 error "You cannot publish over the previously published version 1.0.1." : meteor-sfc
50 error If you need help, you may report this error at:
50 error     <https://github.com/npm/npm/issues>
51 verbose exit [ 1, true ]
